<?xml version="1.0" encoding="UTF-8"?>
<!-- Generated by org.testng.reporters.JUnitXMLReporter -->
<testsuite ignored="0" hostname="LIN-5CG1154DZW" failures="1" tests="1" name="Default test" time="44.309" errors="0" timestamp="2024-04-18T11:46:12 IST">
  <testcase classname="io.cucumber.testng.AbstractTestNGCucumberTests" name="runScenario" time="44.0">
    <failure type="java.lang.AssertionError" message="expected [true] but found [false]">
      <![CDATA[java.lang.AssertionError: expected [true] but found [false]
at org.testng.Assert.fail(Assert.java:111)
at org.testng.Assert.failNotEquals(Assert.java:1578)
at org.testng.Assert.assertTrue(Assert.java:57)
at org.testng.Assert.assertTrue(Assert.java:67)
at StepDefinition.UserStepDefinition.changes_should_not_get_saved(UserStepDefinition.java:209)
at âœ½.changes should not get saved(file:///C:/Users/ANIKAJOS/Desktop/Sprint2/Userprofile/src/test/resource/Features/UserProfile.feature:48)
]]>
    </failure>
  </testcase> <!-- runScenario -->
</testsuite> <!-- Default test -->
