<?xml version="1.0" encoding="UTF-8"?>
<testng-results ignored="0" total="1" passed="0" failed="1" skipped="0">
  <reporter-output>
  </reporter-output>
  <suite started-at="2024-04-18T11:45:28 IST" name="Default suite" finished-at="2024-04-18T11:46:12 IST" duration-ms="44309">
    <groups>
      <group name="cucumber">
        <method signature="AbstractTestNGCucumberTests.runScenario(io.cucumber.testng.PickleWrapper,io.cucumber.testng.FeatureWrapper)[pri:0, instance:Runner.UserRunner@48e1f6c7]" name="runScenario" class="io.cucumber.testng.AbstractTestNGCucumberTests"/>
      </group> <!-- cucumber -->
    </groups>
    <test started-at="2024-04-18T11:45:28 IST" name="Default test" finished-at="2024-04-18T11:46:12 IST" duration-ms="44309">
      <class name="Runner.UserRunner">
        <test-method is-config="true" signature="setUpClass(org.testng.ITestContext)[pri:0, instance:Runner.UserRunner@48e1f6c7]" started-at="2024-04-18T11:45:28 IST" name="setUpClass" finished-at="2024-04-18T11:45:28 IST" duration-ms="252" status="PASS">
          <params>
            <param index="0">
              <value>
                <![CDATA[org.testng.TestRunner@4375b013]]>
              </value>
            </param>
          </params>
          <reporter-output>
          </reporter-output>
        </test-method> <!-- setUpClass -->
        <test-method signature="runScenario(io.cucumber.testng.PickleWrapper,io.cucumber.testng.FeatureWrapper)[pri:0, instance:Runner.UserRunner@48e1f6c7]" started-at="2024-04-18T11:45:28 IST" name="runScenario" description="Runs Cucumber Scenarios" data-provider="scenarios" finished-at="2024-04-18T11:46:12 IST" duration-ms="44000" status="FAIL">
          <params>
            <param index="0">
              <value>
                <![CDATA["To validate Edit Contact info functionality"]]>
              </value>
            </param>
            <param index="1">
              <value>
                <![CDATA["User profile functionalities for a user"]]>
              </value>
            </param>
          </params>
          <exception class="java.lang.AssertionError">
            <message>
              <![CDATA[expected [true] but found [false]]]>
            </message>
            <full-stacktrace>
              <![CDATA[java.lang.AssertionError: expected [true] but found [false]
at org.testng.Assert.fail(Assert.java:111)
at org.testng.Assert.failNotEquals(Assert.java:1578)
at org.testng.Assert.assertTrue(Assert.java:57)
at org.testng.Assert.assertTrue(Assert.java:67)
at StepDefinition.UserStepDefinition.changes_should_not_get_saved(UserStepDefinition.java:209)
at âœ½.changes should not get saved(file:///C:/Users/ANIKAJOS/Desktop/Sprint2/Userprofile/src/test/resource/Features/UserProfile.feature:48)
]]>
            </full-stacktrace>
          </exception> <!-- java.lang.AssertionError -->
          <reporter-output>
          </reporter-output>
        </test-method> <!-- runScenario -->
        <test-method is-config="true" signature="tearDownClass()[pri:0, instance:Runner.UserRunner@48e1f6c7]" started-at="2024-04-18T11:46:12 IST" name="tearDownClass" finished-at="2024-04-18T11:46:12 IST" duration-ms="3" status="PASS">
          <reporter-output>
          </reporter-output>
        </test-method> <!-- tearDownClass -->
      </class> <!-- Runner.UserRunner -->
    </test> <!-- Default test -->
  </suite> <!-- Default suite -->
</testng-results>
